30 Dec, 2020  12:38:44:88 +05:30(IST) - INFO - settings  - Starting db
30 Dec, 2020  12:38:44:89 +05:30(IST) - INFO - settings  - [Mongo] - DB connection has established!
30 Dec, 2020  13:56:05:41 +05:30(IST) - INFO - settings  - Starting db
30 Dec, 2020  13:56:05:47 +05:30(IST) - INFO - settings  - [Mongo] - DB connection has established!
30 Dec, 2020  08:48:52:49 +00:00(UTC) - INFO - settings  - Starting db
30 Dec, 2020  08:48:52:52 +00:00(UTC) - INFO - settings  - [Mongo] - DB connection has established!
30 Dec, 2020  08:54:22:72 +00:00(UTC) - INFO - settings  - Starting db
30 Dec, 2020  08:54:22:76 +00:00(UTC) - INFO - settings  - [Mongo] - DB connection has established!
30 Dec, 2020  10:25:02:53 +00:00(UTC) - INFO - settings  - Starting db
30 Dec, 2020  10:25:02:56 +00:00(UTC) - INFO - settings  - [Mongo] - DB connection has established!
30 Dec, 2020  11:17:20:23 +00:00(UTC) - INFO - settings  - Starting db
30 Dec, 2020  11:17:20:24 +00:00(UTC) - INFO - settings  - [Mongo] - DB connection has established!
30 Dec, 2020  11:29:53:04 +00:00(UTC) - INFO - settings  - Starting db
30 Dec, 2020  11:29:53:05 +00:00(UTC) - INFO - settings  - [Mongo] - DB connection has established!
30 Dec, 2020  11:31:29:50 +00:00(UTC) - INFO - settings  - Starting db
30 Dec, 2020  11:31:29:53 +00:00(UTC) - INFO - settings  - [Mongo] - DB connection has established!
30 Dec, 2020  11:37:18:40 +00:00(UTC) - INFO - settings  - Starting db
30 Dec, 2020  11:37:18:42 +00:00(UTC) - CRITICAL - settings  - [Mongo] - DB connection has failed - port must be an instance of int
30 Dec, 2020  11:37:56:58 +00:00(UTC) - INFO - settings  - Starting db
30 Dec, 2020  11:37:56:60 +00:00(UTC) - CRITICAL - settings  - [Mongo] - DB connection has failed - port must be an instance of int
30 Dec, 2020  11:40:57:29 +00:00(UTC) - INFO - settings  - Starting db
30 Dec, 2020  11:40:57:30 +00:00(UTC) - CRITICAL - settings  - [Mongo] - DB connection has failed - port must be an instance of int
30 Dec, 2020  11:42:11:51 +00:00(UTC) - INFO - settings  - Starting db
30 Dec, 2020  11:42:11:54 +00:00(UTC) - INFO - settings  - [Mongo] - DB connection has established!
30 Dec, 2020  11:43:54:41 +00:00(UTC) - INFO - settings  - Starting db
30 Dec, 2020  11:43:54:43 +00:00(UTC) - INFO - settings  - [Mongo] - DB connection has established!
30 Dec, 2020  12:48:03:00 +00:00(UTC) - INFO - settings  - Starting db
30 Dec, 2020  12:48:03:04 +00:00(UTC) - INFO - settings  - [Mongo] - DB connection has established!
30 Dec, 2020  12:58:53:85 +00:00(UTC) - INFO - settings  - Starting db
30 Dec, 2020  12:58:53:89 +00:00(UTC) - INFO - settings  - [Mongo] - DB connection has established!
30 Dec, 2020  13:38:02:56 +00:00(UTC) - INFO - settings  - Starting db
30 Dec, 2020  13:38:02:59 +00:00(UTC) - INFO - settings  - [Mongo] - DB connection has established!
30 Dec, 2020  13:41:19:81 +00:00(UTC) - INFO - settings  - Starting db
30 Dec, 2020  13:41:19:83 +00:00(UTC) - INFO - settings  - [Mongo] - DB connection has established!
30 Dec, 2020  13:41:44:95 +00:00(UTC) - INFO - endpoints  - POST "sqry1.log" "application/octet-stream" 15681 bytes
30 Dec, 2020  13:41:45:06 +00:00(UTC) - INFO - endpoints  - 5fec8398e0fb06a77127fea2
30 Dec, 2020  13:41:45:07 +00:00(UTC) - INFO - endpoints  - 5fec8399e0fb06a77127fea3
30 Dec, 2020  13:41:45:08 +00:00(UTC) - INFO - endpoints  - 5fec8399e0fb06a77127fea4
30 Dec, 2020  13:41:45:09 +00:00(UTC) - INFO - endpoints  - 5fec8399e0fb06a77127fea5
30 Dec, 2020  13:45:31:23 +00:00(UTC) - INFO - settings  - Starting db
30 Dec, 2020  13:45:31:26 +00:00(UTC) - INFO - settings  - [Mongo] - DB connection has established!
30 Dec, 2020  13:46:38:10 +00:00(UTC) - INFO - settings  - Starting db
30 Dec, 2020  13:46:38:12 +00:00(UTC) - INFO - settings  - [Mongo] - DB connection has established!
30 Dec, 2020  13:51:06:96 +00:00(UTC) - INFO - settings  - Starting db
30 Dec, 2020  13:51:06:98 +00:00(UTC) - INFO - settings  - [Mongo] - DB connection has established!
30 Dec, 2020  13:53:35:41 +00:00(UTC) - INFO - settings  - Starting db
30 Dec, 2020  13:53:35:42 +00:00(UTC) - INFO - settings  - [Mongo] - DB connection has established!
30 Dec, 2020  13:54:37:25 +00:00(UTC) - INFO - endpoints  - POST "sqry.log" "application/octet-stream" 8750783 bytes
30 Dec, 2020  13:54:39:69 +00:00(UTC) - INFO - endpoints  - 5fec869f49e9e469f0b680b5
